2023-02-11 09:41:30,091 INFO org.hibernate.validator.internal.util.Version [background-preinit] HV000001: Hibernate Validator 6.2.5.Final
2023-02-11 09:41:30,102 INFO org.springframework.boot.StartupInfoLogger [restartedMain] Starting EmployeeAttendanceApplication using Java 17.0.5 on DESKTOP-85G7RT7 with PID 3312 (C:\Users\admin\Documents\workspace-spring-tool-suite-4-4.17.0.RELEASE\Spring_Boot_Vijay\EmployeeAttendance\target\classes started by admin in C:\Users\admin\Documents\workspace-spring-tool-suite-4-4.17.0.RELEASE\Spring_Boot_Vijay\EmployeeAttendance)
2023-02-11 09:41:30,106 INFO org.springframework.boot.SpringApplication [restartedMain] No active profile set, falling back to 1 default profile: "default"
2023-02-11 09:41:30,234 INFO org.springframework.boot.logging.DeferredLog [restartedMain] Devtools property defaults active! Set 'spring.devtools.add-properties' to 'false' to disable
2023-02-11 09:41:30,234 INFO org.springframework.boot.logging.DeferredLog [restartedMain] For additional web related logging consider setting the 'logging.level.web' property to 'DEBUG'
2023-02-11 09:41:31,940 INFO org.springframework.data.repository.config.RepositoryConfigurationDelegate [restartedMain] Bootstrapping Spring Data JPA repositories in DEFAULT mode.
2023-02-11 09:41:32,065 INFO org.springframework.data.repository.config.RepositoryConfigurationDelegate [restartedMain] Finished Spring Data repository scanning in 106 ms. Found 6 JPA repository interfaces.
2023-02-11 09:41:33,030 INFO org.springframework.boot.web.embedded.tomcat.TomcatWebServer [restartedMain] Tomcat initialized with port(s): 8080 (http)
2023-02-11 09:41:33,049 INFO org.apache.juli.logging.DirectJDKLog [restartedMain] Initializing ProtocolHandler ["http-nio-8080"]
2023-02-11 09:41:33,050 INFO org.apache.juli.logging.DirectJDKLog [restartedMain] Starting service [Tomcat]
2023-02-11 09:41:33,051 INFO org.apache.juli.logging.DirectJDKLog [restartedMain] Starting Servlet engine: [Apache Tomcat/9.0.70]
2023-02-11 09:41:33,190 INFO org.apache.juli.logging.DirectJDKLog [restartedMain] Initializing Spring embedded WebApplicationContext
2023-02-11 09:41:33,191 INFO org.springframework.boot.web.servlet.context.ServletWebServerApplicationContext [restartedMain] Root WebApplicationContext: initialization completed in 2954 ms
2023-02-11 09:41:33,430 INFO org.hibernate.jpa.internal.util.LogHelper [restartedMain] HHH000204: Processing PersistenceUnitInfo [name: default]
2023-02-11 09:41:33,536 INFO org.hibernate.Version [restartedMain] HHH000412: Hibernate ORM core version 5.6.14.Final
2023-02-11 09:41:53,773 INFO org.hibernate.validator.internal.util.Version [background-preinit] HV000001: Hibernate Validator 6.2.5.Final
2023-02-11 09:41:53,779 INFO org.springframework.boot.StartupInfoLogger [restartedMain] Starting EmployeeAttendanceApplication using Java 17.0.5 on DESKTOP-85G7RT7 with PID 10992 (C:\Users\admin\Documents\workspace-spring-tool-suite-4-4.17.0.RELEASE\Spring_Boot_Vijay\EmployeeAttendance\target\classes started by admin in C:\Users\admin\Documents\workspace-spring-tool-suite-4-4.17.0.RELEASE\Spring_Boot_Vijay\EmployeeAttendance)
2023-02-11 09:41:53,781 INFO org.springframework.boot.SpringApplication [restartedMain] No active profile set, falling back to 1 default profile: "default"
2023-02-11 09:41:53,884 INFO org.springframework.boot.logging.DeferredLog [restartedMain] Devtools property defaults active! Set 'spring.devtools.add-properties' to 'false' to disable
2023-02-11 09:41:53,884 INFO org.springframework.boot.logging.DeferredLog [restartedMain] For additional web related logging consider setting the 'logging.level.web' property to 'DEBUG'
2023-02-11 09:41:55,015 INFO org.springframework.data.repository.config.RepositoryConfigurationDelegate [restartedMain] Bootstrapping Spring Data JPA repositories in DEFAULT mode.
2023-02-11 09:41:55,133 INFO org.springframework.data.repository.config.RepositoryConfigurationDelegate [restartedMain] Finished Spring Data repository scanning in 99 ms. Found 6 JPA repository interfaces.
2023-02-11 09:41:55,938 INFO org.springframework.boot.web.embedded.tomcat.TomcatWebServer [restartedMain] Tomcat initialized with port(s): 8080 (http)
2023-02-11 09:41:55,960 INFO org.apache.juli.logging.DirectJDKLog [restartedMain] Initializing ProtocolHandler ["http-nio-8080"]
2023-02-11 09:41:55,961 INFO org.apache.juli.logging.DirectJDKLog [restartedMain] Starting service [Tomcat]
2023-02-11 09:41:55,962 INFO org.apache.juli.logging.DirectJDKLog [restartedMain] Starting Servlet engine: [Apache Tomcat/9.0.70]
2023-02-11 09:41:56,110 INFO org.apache.juli.logging.DirectJDKLog [restartedMain] Initializing Spring embedded WebApplicationContext
2023-02-11 09:41:56,111 INFO org.springframework.boot.web.servlet.context.ServletWebServerApplicationContext [restartedMain] Root WebApplicationContext: initialization completed in 2226 ms
2023-02-11 09:41:56,327 INFO org.hibernate.jpa.internal.util.LogHelper [restartedMain] HHH000204: Processing PersistenceUnitInfo [name: default]
2023-02-11 09:41:56,406 INFO org.hibernate.Version [restartedMain] HHH000412: Hibernate ORM core version 5.6.14.Final
2023-02-11 09:41:56,662 INFO org.hibernate.annotations.common.reflection.java.JavaReflectionManager [restartedMain] HCANN000001: Hibernate Commons Annotations {5.1.2.Final}
2023-02-11 09:41:56,847 INFO com.zaxxer.hikari.HikariDataSource [restartedMain] HikariPool-1 - Starting...
2023-02-11 09:41:56,858 WARN com.zaxxer.hikari.util.DriverDataSource [restartedMain] Registered driver with driverClassName=com.mysql.jdbc.Driver was not found, trying direct instantiation.
2023-02-11 09:41:57,393 INFO com.zaxxer.hikari.HikariDataSource [restartedMain] HikariPool-1 - Start completed.
2023-02-11 09:41:57,457 INFO org.hibernate.dialect.Dialect [restartedMain] HHH000400: Using dialect: org.hibernate.dialect.MySQL8Dialect
2023-02-11 09:41:58,840 INFO org.hibernate.engine.transaction.jta.platform.internal.JtaPlatformInitiator [restartedMain] HHH000490: Using JtaPlatform implementation: [org.hibernate.engine.transaction.jta.platform.internal.NoJtaPlatform]
2023-02-11 09:41:58,855 INFO org.springframework.orm.jpa.AbstractEntityManagerFactoryBean [restartedMain] Initialized JPA EntityManagerFactory for persistence unit 'default'
2023-02-11 09:41:59,670 WARN org.springframework.boot.autoconfigure.orm.jpa.JpaBaseConfiguration$JpaWebConfiguration [restartedMain] spring.jpa.open-in-view is enabled by default. Therefore, database queries may be performed during view rendering. Explicitly configure spring.jpa.open-in-view to disable this warning
2023-02-11 09:41:59,895 INFO org.springframework.boot.autoconfigure.web.servlet.WelcomePageHandlerMapping [restartedMain] Adding welcome page: class path resource [static/index.html]
2023-02-11 09:42:01,348 INFO org.springframework.boot.devtools.autoconfigure.OptionalLiveReloadServer [restartedMain] LiveReload server is running on port 35729
2023-02-11 09:42:01,387 INFO org.apache.juli.logging.DirectJDKLog [restartedMain] Starting ProtocolHandler ["http-nio-8080"]
2023-02-11 09:42:01,426 INFO org.springframework.boot.web.embedded.tomcat.TomcatWebServer [restartedMain] Tomcat started on port(s): 8080 (http) with context path ''
2023-02-11 09:42:01,444 INFO org.springframework.boot.StartupInfoLogger [restartedMain] Started EmployeeAttendanceApplication in 8.394 seconds (JVM running for 10.327)
2023-02-11 09:42:39,716 INFO org.apache.juli.logging.DirectJDKLog [http-nio-8080-exec-1] Initializing Spring DispatcherServlet 'dispatcherServlet'
2023-02-11 09:42:39,719 INFO org.springframework.web.servlet.FrameworkServlet [http-nio-8080-exec-1] Initializing Servlet 'dispatcherServlet'
2023-02-11 09:42:39,721 INFO org.springframework.web.servlet.FrameworkServlet [http-nio-8080-exec-1] Completed initialization in 2 ms
2023-02-11 09:42:41,420 INFO org.springdoc.api.AbstractOpenApiResource [http-nio-8080-exec-3] Init duration for springdoc-openapi is: 1145 ms
2023-02-11 09:43:50,847 INFO org.springframework.boot.devtools.autoconfigure.LocalDevToolsAutoConfiguration$RestartingClassPathChangeChangedEventListener [File Watcher] Restarting due to 1 class path change (0 additions, 0 deletions, 1 modification)
2023-02-11 09:43:51,037 INFO org.apache.juli.logging.DirectJDKLog [Thread-5] Pausing ProtocolHandler ["http-nio-8080"]
2023-02-11 09:43:51,037 INFO org.apache.juli.logging.DirectJDKLog [Thread-5] Stopping service [Tomcat]
2023-02-11 09:43:51,040 INFO org.apache.juli.logging.DirectJDKLog [Thread-5] Destroying Spring FrameworkServlet 'dispatcherServlet'
2023-02-11 09:43:51,071 INFO org.apache.juli.logging.DirectJDKLog [Thread-5] Stopping ProtocolHandler ["http-nio-8080"]
2023-02-11 09:43:51,076 INFO org.apache.juli.logging.DirectJDKLog [Thread-5] Destroying ProtocolHandler ["http-nio-8080"]
2023-02-11 09:43:51,084 INFO org.springframework.orm.jpa.AbstractEntityManagerFactoryBean [Thread-5] Closing JPA EntityManagerFactory for persistence unit 'default'
2023-02-11 09:43:51,090 INFO com.zaxxer.hikari.HikariDataSource [Thread-5] HikariPool-1 - Shutdown initiated...
2023-02-11 09:43:51,135 INFO com.zaxxer.hikari.HikariDataSource [Thread-5] HikariPool-1 - Shutdown completed.
2023-02-11 09:43:51,411 INFO org.springframework.boot.StartupInfoLogger [restartedMain] Starting EmployeeAttendanceApplication using Java 17.0.5 on DESKTOP-85G7RT7 with PID 10992 (C:\Users\admin\Documents\workspace-spring-tool-suite-4-4.17.0.RELEASE\Spring_Boot_Vijay\EmployeeAttendance\target\classes started by admin in C:\Users\admin\Documents\workspace-spring-tool-suite-4-4.17.0.RELEASE\Spring_Boot_Vijay\EmployeeAttendance)
2023-02-11 09:43:51,412 INFO org.springframework.boot.SpringApplication [restartedMain] No active profile set, falling back to 1 default profile: "default"
2023-02-11 09:43:52,198 INFO org.springframework.data.repository.config.RepositoryConfigurationDelegate [restartedMain] Bootstrapping Spring Data JPA repositories in DEFAULT mode.
2023-02-11 09:43:52,307 INFO org.springframework.data.repository.config.RepositoryConfigurationDelegate [restartedMain] Finished Spring Data repository scanning in 106 ms. Found 6 JPA repository interfaces.
2023-02-11 09:43:52,547 INFO org.springframework.boot.web.embedded.tomcat.TomcatWebServer [restartedMain] Tomcat initialized with port(s): 8080 (http)
2023-02-11 09:43:52,549 INFO org.apache.juli.logging.DirectJDKLog [restartedMain] Initializing ProtocolHandler ["http-nio-8080"]
2023-02-11 09:43:52,551 INFO org.apache.juli.logging.DirectJDKLog [restartedMain] Starting service [Tomcat]
2023-02-11 09:43:52,551 INFO org.apache.juli.logging.DirectJDKLog [restartedMain] Starting Servlet engine: [Apache Tomcat/9.0.70]
2023-02-11 09:43:52,630 INFO org.apache.juli.logging.DirectJDKLog [restartedMain] Initializing Spring embedded WebApplicationContext
2023-02-11 09:43:52,631 INFO org.springframework.boot.web.servlet.context.ServletWebServerApplicationContext [restartedMain] Root WebApplicationContext: initialization completed in 1210 ms
2023-02-11 09:43:52,795 INFO org.hibernate.jpa.internal.util.LogHelper [restartedMain] HHH000204: Processing PersistenceUnitInfo [name: default]
2023-02-11 09:43:52,843 INFO com.zaxxer.hikari.HikariDataSource [restartedMain] HikariPool-2 - Starting...
2023-02-11 09:43:52,843 WARN com.zaxxer.hikari.util.DriverDataSource [restartedMain] Registered driver with driverClassName=com.mysql.jdbc.Driver was not found, trying direct instantiation.
2023-02-11 09:43:52,882 INFO com.zaxxer.hikari.HikariDataSource [restartedMain] HikariPool-2 - Start completed.
2023-02-11 09:43:52,882 INFO org.hibernate.dialect.Dialect [restartedMain] HHH000400: Using dialect: org.hibernate.dialect.MySQL8Dialect
2023-02-11 09:43:53,304 INFO org.hibernate.engine.transaction.jta.platform.internal.JtaPlatformInitiator [restartedMain] HHH000490: Using JtaPlatform implementation: [org.hibernate.engine.transaction.jta.platform.internal.NoJtaPlatform]
2023-02-11 09:43:53,306 INFO org.springframework.orm.jpa.AbstractEntityManagerFactoryBean [restartedMain] Initialized JPA EntityManagerFactory for persistence unit 'default'
2023-02-11 09:43:54,157 WARN org.springframework.boot.autoconfigure.orm.jpa.JpaBaseConfiguration$JpaWebConfiguration [restartedMain] spring.jpa.open-in-view is enabled by default. Therefore, database queries may be performed during view rendering. Explicitly configure spring.jpa.open-in-view to disable this warning
2023-02-11 09:43:54,340 INFO org.springframework.boot.autoconfigure.web.servlet.WelcomePageHandlerMapping [restartedMain] Adding welcome page: class path resource [static/index.html]
2023-02-11 09:43:55,422 INFO org.springframework.boot.devtools.autoconfigure.OptionalLiveReloadServer [restartedMain] LiveReload server is running on port 35729
2023-02-11 09:43:55,449 INFO org.apache.juli.logging.DirectJDKLog [restartedMain] Starting ProtocolHandler ["http-nio-8080"]
2023-02-11 09:43:55,455 INFO org.springframework.boot.web.embedded.tomcat.TomcatWebServer [restartedMain] Tomcat started on port(s): 8080 (http) with context path ''
2023-02-11 09:43:55,475 INFO org.springframework.boot.StartupInfoLogger [restartedMain] Started EmployeeAttendanceApplication in 4.211 seconds (JVM running for 124.358)
2023-02-11 09:43:55,482 INFO org.springframework.boot.devtools.autoconfigure.ConditionEvaluationDeltaLoggingListener [restartedMain] Condition evaluation unchanged
2023-02-11 09:44:01,702 INFO org.springframework.boot.devtools.autoconfigure.LocalDevToolsAutoConfiguration$RestartingClassPathChangeChangedEventListener [File Watcher] Restarting due to 3 class path changes (0 additions, 0 deletions, 3 modifications)
2023-02-11 09:44:01,728 INFO org.apache.juli.logging.DirectJDKLog [Thread-7] Pausing ProtocolHandler ["http-nio-8080"]
2023-02-11 09:44:01,729 INFO org.apache.juli.logging.DirectJDKLog [Thread-7] Stopping service [Tomcat]
2023-02-11 09:44:01,744 INFO org.apache.juli.logging.DirectJDKLog [Thread-7] Stopping ProtocolHandler ["http-nio-8080"]
2023-02-11 09:44:01,749 INFO org.apache.juli.logging.DirectJDKLog [Thread-7] Destroying ProtocolHandler ["http-nio-8080"]
2023-02-11 09:44:01,753 INFO org.springframework.orm.jpa.AbstractEntityManagerFactoryBean [Thread-7] Closing JPA EntityManagerFactory for persistence unit 'default'
2023-02-11 09:44:01,754 INFO com.zaxxer.hikari.HikariDataSource [Thread-7] HikariPool-2 - Shutdown initiated...
2023-02-11 09:44:01,778 INFO com.zaxxer.hikari.HikariDataSource [Thread-7] HikariPool-2 - Shutdown completed.
2023-02-11 09:44:02,060 INFO org.springframework.boot.StartupInfoLogger [restartedMain] Starting EmployeeAttendanceApplication using Java 17.0.5 on DESKTOP-85G7RT7 with PID 10992 (C:\Users\admin\Documents\workspace-spring-tool-suite-4-4.17.0.RELEASE\Spring_Boot_Vijay\EmployeeAttendance\target\classes started by admin in C:\Users\admin\Documents\workspace-spring-tool-suite-4-4.17.0.RELEASE\Spring_Boot_Vijay\EmployeeAttendance)
2023-02-11 09:44:02,062 INFO org.springframework.boot.SpringApplication [restartedMain] No active profile set, falling back to 1 default profile: "default"
2023-02-11 09:44:02,566 INFO org.springframework.data.repository.config.RepositoryConfigurationDelegate [restartedMain] Bootstrapping Spring Data JPA repositories in DEFAULT mode.
2023-02-11 09:44:02,611 INFO org.springframework.data.repository.config.RepositoryConfigurationDelegate [restartedMain] Finished Spring Data repository scanning in 44 ms. Found 6 JPA repository interfaces.
2023-02-11 09:44:02,737 INFO org.springframework.boot.web.embedded.tomcat.TomcatWebServer [restartedMain] Tomcat initialized with port(s): 8080 (http)
2023-02-11 09:44:02,738 INFO org.apache.juli.logging.DirectJDKLog [restartedMain] Initializing ProtocolHandler ["http-nio-8080"]
2023-02-11 09:44:02,740 INFO org.apache.juli.logging.DirectJDKLog [restartedMain] Starting service [Tomcat]
2023-02-11 09:44:02,741 INFO org.apache.juli.logging.DirectJDKLog [restartedMain] Starting Servlet engine: [Apache Tomcat/9.0.70]
2023-02-11 09:44:02,781 INFO org.apache.juli.logging.DirectJDKLog [restartedMain] Initializing Spring embedded WebApplicationContext
2023-02-11 09:44:02,781 INFO org.springframework.boot.web.servlet.context.ServletWebServerApplicationContext [restartedMain] Root WebApplicationContext: initialization completed in 708 ms
2023-02-11 09:44:02,840 INFO org.hibernate.jpa.internal.util.LogHelper [restartedMain] HHH000204: Processing PersistenceUnitInfo [name: default]
2023-02-11 09:44:02,854 INFO com.zaxxer.hikari.HikariDataSource [restartedMain] HikariPool-3 - Starting...
2023-02-11 09:44:02,854 WARN com.zaxxer.hikari.util.DriverDataSource [restartedMain] Registered driver with driverClassName=com.mysql.jdbc.Driver was not found, trying direct instantiation.
2023-02-11 09:44:02,873 INFO com.zaxxer.hikari.HikariDataSource [restartedMain] HikariPool-3 - Start completed.
2023-02-11 09:44:02,873 INFO org.hibernate.dialect.Dialect [restartedMain] HHH000400: Using dialect: org.hibernate.dialect.MySQL8Dialect
2023-02-11 09:44:03,155 INFO org.hibernate.engine.transaction.jta.platform.internal.JtaPlatformInitiator [restartedMain] HHH000490: Using JtaPlatform implementation: [org.hibernate.engine.transaction.jta.platform.internal.NoJtaPlatform]
2023-02-11 09:44:03,156 INFO org.springframework.orm.jpa.AbstractEntityManagerFactoryBean [restartedMain] Initialized JPA EntityManagerFactory for persistence unit 'default'
2023-02-11 09:44:03,502 WARN org.springframework.boot.autoconfigure.orm.jpa.JpaBaseConfiguration$JpaWebConfiguration [restartedMain] spring.jpa.open-in-view is enabled by default. Therefore, database queries may be performed during view rendering. Explicitly configure spring.jpa.open-in-view to disable this warning
2023-02-11 09:44:03,576 INFO org.springframework.boot.autoconfigure.web.servlet.WelcomePageHandlerMapping [restartedMain] Adding welcome page: class path resource [static/index.html]
2023-02-11 09:44:04,340 INFO org.springframework.boot.devtools.autoconfigure.OptionalLiveReloadServer [restartedMain] LiveReload server is running on port 35729
2023-02-11 09:44:04,358 INFO org.apache.juli.logging.DirectJDKLog [restartedMain] Starting ProtocolHandler ["http-nio-8080"]
2023-02-11 09:44:04,364 INFO org.springframework.boot.web.embedded.tomcat.TomcatWebServer [restartedMain] Tomcat started on port(s): 8080 (http) with context path ''
2023-02-11 09:44:04,374 INFO org.springframework.boot.StartupInfoLogger [restartedMain] Started EmployeeAttendanceApplication in 2.479 seconds (JVM running for 133.257)
2023-02-11 09:44:04,377 INFO org.springframework.boot.devtools.autoconfigure.ConditionEvaluationDeltaLoggingListener [restartedMain] Condition evaluation unchanged
2023-02-11 09:44:24,309 INFO org.springframework.boot.devtools.autoconfigure.LocalDevToolsAutoConfiguration$RestartingClassPathChangeChangedEventListener [File Watcher] Restarting due to 1 class path change (0 additions, 0 deletions, 1 modification)
2023-02-11 09:44:24,369 INFO org.apache.juli.logging.DirectJDKLog [Thread-11] Pausing ProtocolHandler ["http-nio-8080"]
2023-02-11 09:44:24,372 INFO org.apache.juli.logging.DirectJDKLog [Thread-11] Stopping service [Tomcat]
2023-02-11 09:44:24,376 INFO org.apache.juli.logging.DirectJDKLog [Thread-11] Stopping ProtocolHandler ["http-nio-8080"]
2023-02-11 09:44:24,378 INFO org.apache.juli.logging.DirectJDKLog [Thread-11] Destroying ProtocolHandler ["http-nio-8080"]
2023-02-11 09:44:24,382 INFO org.springframework.orm.jpa.AbstractEntityManagerFactoryBean [Thread-11] Closing JPA EntityManagerFactory for persistence unit 'default'
2023-02-11 09:44:24,384 INFO com.zaxxer.hikari.HikariDataSource [Thread-11] HikariPool-3 - Shutdown initiated...
2023-02-11 09:44:24,393 INFO com.zaxxer.hikari.HikariDataSource [Thread-11] HikariPool-3 - Shutdown completed.
2023-02-11 09:44:24,563 INFO org.springframework.boot.StartupInfoLogger [restartedMain] Starting EmployeeAttendanceApplication using Java 17.0.5 on DESKTOP-85G7RT7 with PID 10992 (C:\Users\admin\Documents\workspace-spring-tool-suite-4-4.17.0.RELEASE\Spring_Boot_Vijay\EmployeeAttendance\target\classes started by admin in C:\Users\admin\Documents\workspace-spring-tool-suite-4-4.17.0.RELEASE\Spring_Boot_Vijay\EmployeeAttendance)
2023-02-11 09:44:24,564 INFO org.springframework.boot.SpringApplication [restartedMain] No active profile set, falling back to 1 default profile: "default"
2023-02-11 09:44:25,540 INFO org.springframework.data.repository.config.RepositoryConfigurationDelegate [restartedMain] Bootstrapping Spring Data JPA repositories in DEFAULT mode.
2023-02-11 09:44:25,616 INFO org.springframework.data.repository.config.RepositoryConfigurationDelegate [restartedMain] Finished Spring Data repository scanning in 74 ms. Found 6 JPA repository interfaces.
2023-02-11 09:44:25,801 INFO org.springframework.boot.web.embedded.tomcat.TomcatWebServer [restartedMain] Tomcat initialized with port(s): 8080 (http)
2023-02-11 09:44:25,803 INFO org.apache.juli.logging.DirectJDKLog [restartedMain] Initializing ProtocolHandler ["http-nio-8080"]
2023-02-11 09:44:25,804 INFO org.apache.juli.logging.DirectJDKLog [restartedMain] Starting service [Tomcat]
2023-02-11 09:44:25,804 INFO org.apache.juli.logging.DirectJDKLog [restartedMain] Starting Servlet engine: [Apache Tomcat/9.0.70]
2023-02-11 09:44:25,850 INFO org.apache.juli.logging.DirectJDKLog [restartedMain] Initializing Spring embedded WebApplicationContext
2023-02-11 09:44:25,851 INFO org.springframework.boot.web.servlet.context.ServletWebServerApplicationContext [restartedMain] Root WebApplicationContext: initialization completed in 1283 ms
2023-02-11 09:44:25,934 INFO org.hibernate.jpa.internal.util.LogHelper [restartedMain] HHH000204: Processing PersistenceUnitInfo [name: default]
2023-02-11 09:44:25,946 INFO com.zaxxer.hikari.HikariDataSource [restartedMain] HikariPool-4 - Starting...
2023-02-11 09:44:25,949 WARN com.zaxxer.hikari.util.DriverDataSource [restartedMain] Registered driver with driverClassName=com.mysql.jdbc.Driver was not found, trying direct instantiation.
2023-02-11 09:44:25,970 INFO com.zaxxer.hikari.HikariDataSource [restartedMain] HikariPool-4 - Start completed.
2023-02-11 09:44:25,970 INFO org.hibernate.dialect.Dialect [restartedMain] HHH000400: Using dialect: org.hibernate.dialect.MySQL8Dialect
2023-02-11 09:44:26,406 INFO org.hibernate.engine.transaction.jta.platform.internal.JtaPlatformInitiator [restartedMain] HHH000490: Using JtaPlatform implementation: [org.hibernate.engine.transaction.jta.platform.internal.NoJtaPlatform]
2023-02-11 09:44:26,407 INFO org.springframework.orm.jpa.AbstractEntityManagerFactoryBean [restartedMain] Initialized JPA EntityManagerFactory for persistence unit 'default'
2023-02-11 09:44:27,010 WARN org.springframework.boot.autoconfigure.orm.jpa.JpaBaseConfiguration$JpaWebConfiguration [restartedMain] spring.jpa.open-in-view is enabled by default. Therefore, database queries may be performed during view rendering. Explicitly configure spring.jpa.open-in-view to disable this warning
2023-02-11 09:44:27,111 INFO org.springframework.boot.autoconfigure.web.servlet.WelcomePageHandlerMapping [restartedMain] Adding welcome page: class path resource [static/index.html]
2023-02-11 09:44:27,941 INFO org.springframework.boot.devtools.autoconfigure.OptionalLiveReloadServer [restartedMain] LiveReload server is running on port 35729
2023-02-11 09:44:27,964 INFO org.apache.juli.logging.DirectJDKLog [restartedMain] Starting ProtocolHandler ["http-nio-8080"]
2023-02-11 09:44:27,971 INFO org.springframework.boot.web.embedded.tomcat.TomcatWebServer [restartedMain] Tomcat started on port(s): 8080 (http) with context path ''
2023-02-11 09:44:27,985 INFO org.springframework.boot.StartupInfoLogger [restartedMain] Started EmployeeAttendanceApplication in 3.496 seconds (JVM running for 156.867)
2023-02-11 09:44:27,991 INFO org.springframework.boot.devtools.autoconfigure.ConditionEvaluationDeltaLoggingListener [restartedMain] Condition evaluation unchanged
2023-02-11 09:48:15,139 INFO org.apache.juli.logging.DirectJDKLog [http-nio-8080-exec-1] Initializing Spring DispatcherServlet 'dispatcherServlet'
2023-02-11 09:48:15,142 INFO org.springframework.web.servlet.FrameworkServlet [http-nio-8080-exec-1] Initializing Servlet 'dispatcherServlet'
2023-02-11 09:48:15,147 INFO org.springframework.web.servlet.FrameworkServlet [http-nio-8080-exec-1] Completed initialization in 4 ms
2023-02-11 09:48:15,499 ERROR org.apache.juli.logging.DirectJDKLog [http-nio-8080-exec-1] Servlet.service() for servlet [dispatcherServlet] in context with path [] threw exception [Request processing failed; nested exception is java.util.NoSuchElementException: No value present] with root cause
java.util.NoSuchElementException: No value present
	at java.base/java.util.Optional.get(Optional.java:143)
	at com.employee.attendance.serviceimpl.AttendanceServiceImpl.perDayDetails(AttendanceServiceImpl.java:88)
	at com.employee.attendance.controller.AttendanceController.getPerDayRange(AttendanceController.java:96)
	at java.base/jdk.internal.reflect.NativeMethodAccessorImpl.invoke0(Native Method)
	at java.base/jdk.internal.reflect.NativeMethodAccessorImpl.invoke(NativeMethodAccessorImpl.java:77)
	at java.base/jdk.internal.reflect.DelegatingMethodAccessorImpl.invoke(DelegatingMethodAccessorImpl.java:43)
	at java.base/java.lang.reflect.Method.invoke(Method.java:568)
	at org.springframework.web.method.support.InvocableHandlerMethod.doInvoke(InvocableHandlerMethod.java:205)
	at org.springframework.web.method.support.InvocableHandlerMethod.invokeForRequest(InvocableHandlerMethod.java:150)
	at org.springframework.web.servlet.mvc.method.annotation.ServletInvocableHandlerMethod.invokeAndHandle(ServletInvocableHandlerMethod.java:117)
	at org.springframework.web.servlet.mvc.method.annotation.RequestMappingHandlerAdapter.invokeHandlerMethod(RequestMappingHandlerAdapter.java:895)
	at org.springframework.web.servlet.mvc.method.annotation.RequestMappingHandlerAdapter.handleInternal(RequestMappingHandlerAdapter.java:808)
	at org.springframework.web.servlet.mvc.method.AbstractHandlerMethodAdapter.handle(AbstractHandlerMethodAdapter.java:87)
	at org.springframework.web.servlet.DispatcherServlet.doDispatch(DispatcherServlet.java:1071)
	at org.springframework.web.servlet.DispatcherServlet.doService(DispatcherServlet.java:964)
	at org.springframework.web.servlet.FrameworkServlet.processRequest(FrameworkServlet.java:1006)
	at org.springframework.web.servlet.FrameworkServlet.doGet(FrameworkServlet.java:898)
	at javax.servlet.http.HttpServlet.service(HttpServlet.java:670)
	at org.springframework.web.servlet.FrameworkServlet.service(FrameworkServlet.java:883)
	at javax.servlet.http.HttpServlet.service(HttpServlet.java:779)
	at org.apache.catalina.core.ApplicationFilterChain.internalDoFilter(ApplicationFilterChain.java:227)
	at org.apache.catalina.core.ApplicationFilterChain.doFilter(ApplicationFilterChain.java:162)
	at org.apache.tomcat.websocket.server.WsFilter.doFilter(WsFilter.java:53)
	at org.apache.catalina.core.ApplicationFilterChain.internalDoFilter(ApplicationFilterChain.java:189)
	at org.apache.catalina.core.ApplicationFilterChain.doFilter(ApplicationFilterChain.java:162)
	at org.springframework.web.filter.RequestContextFilter.doFilterInternal(RequestContextFilter.java:100)
	at org.springframework.web.filter.OncePerRequestFilter.doFilter(OncePerRequestFilter.java:117)
	at org.apache.catalina.core.ApplicationFilterChain.internalDoFilter(ApplicationFilterChain.java:189)
	at org.apache.catalina.core.ApplicationFilterChain.doFilter(ApplicationFilterChain.java:162)
	at org.springframework.web.filter.FormContentFilter.doFilterInternal(FormContentFilter.java:93)
	at org.springframework.web.filter.OncePerRequestFilter.doFilter(OncePerRequestFilter.java:117)
	at org.apache.catalina.core.ApplicationFilterChain.internalDoFilter(ApplicationFilterChain.java:189)
	at org.apache.catalina.core.ApplicationFilterChain.doFilter(ApplicationFilterChain.java:162)
	at org.springframework.web.filter.CharacterEncodingFilter.doFilterInternal(CharacterEncodingFilter.java:201)
	at org.springframework.web.filter.OncePerRequestFilter.doFilter(OncePerRequestFilter.java:117)
	at org.apache.catalina.core.ApplicationFilterChain.internalDoFilter(ApplicationFilterChain.java:189)
	at org.apache.catalina.core.ApplicationFilterChain.doFilter(ApplicationFilterChain.java:162)
	at org.apache.catalina.core.StandardWrapperValve.invoke(StandardWrapperValve.java:177)
	at org.apache.catalina.core.StandardContextValve.invoke(StandardContextValve.java:97)
	at org.apache.catalina.authenticator.AuthenticatorBase.invoke(AuthenticatorBase.java:541)
	at org.apache.catalina.core.StandardHostValve.invoke(StandardHostValve.java:135)
	at org.apache.catalina.valves.ErrorReportValve.invoke(ErrorReportValve.java:92)
	at org.apache.catalina.core.StandardEngineValve.invoke(StandardEngineValve.java:78)
	at org.apache.catalina.connector.CoyoteAdapter.service(CoyoteAdapter.java:360)
	at org.apache.coyote.http11.Http11Processor.service(Http11Processor.java:399)
	at org.apache.coyote.AbstractProcessorLight.process(AbstractProcessorLight.java:65)
	at org.apache.coyote.AbstractProtocol$ConnectionHandler.process(AbstractProtocol.java:891)
	at org.apache.tomcat.util.net.NioEndpoint$SocketProcessor.doRun(NioEndpoint.java:1784)
	at org.apache.tomcat.util.net.SocketProcessorBase.run(SocketProcessorBase.java:49)
	at org.apache.tomcat.util.threads.ThreadPoolExecutor.runWorker(ThreadPoolExecutor.java:1191)
	at org.apache.tomcat.util.threads.ThreadPoolExecutor$Worker.run(ThreadPoolExecutor.java:659)
	at org.apache.tomcat.util.threads.TaskThread$WrappingRunnable.run(TaskThread.java:61)
	at java.base/java.lang.Thread.run(Thread.java:833)
2023-02-11 09:52:49,086 INFO com.employee.attendance.controller.AttendanceController [http-nio-8080-exec-4] save new attendance = Date=2023-02-05,StartTime= 09:00,EndTime= 17:00  
2023-02-11 09:53:05,414 INFO com.employee.attendance.controller.AttendanceController [http-nio-8080-exec-5] save new attendance = Date=2023-02-06,StartTime= 09:30,EndTime= 17:00  
2023-02-11 09:53:28,597 INFO com.employee.attendance.controller.AttendanceController [http-nio-8080-exec-6] save new attendance = Date=2023-02-07,StartTime= 09:30,EndTime= 18:40  
2023-02-11 09:55:31,431 ERROR org.apache.juli.logging.DirectJDKLog [http-nio-8080-exec-9] Servlet.service() for servlet [dispatcherServlet] in context with path [] threw exception [Request processing failed; nested exception is java.util.NoSuchElementException: No value present] with root cause
java.util.NoSuchElementException: No value present
	at java.base/java.util.Optional.get(Optional.java:143)
	at com.employee.attendance.serviceimpl.AttendanceServiceImpl.perDayDetails(AttendanceServiceImpl.java:88)
	at com.employee.attendance.controller.AttendanceController.getPerDayRange(AttendanceController.java:96)
	at java.base/jdk.internal.reflect.NativeMethodAccessorImpl.invoke0(Native Method)
	at java.base/jdk.internal.reflect.NativeMethodAccessorImpl.invoke(NativeMethodAccessorImpl.java:77)
	at java.base/jdk.internal.reflect.DelegatingMethodAccessorImpl.invoke(DelegatingMethodAccessorImpl.java:43)
	at java.base/java.lang.reflect.Method.invoke(Method.java:568)
	at org.springframework.web.method.support.InvocableHandlerMethod.doInvoke(InvocableHandlerMethod.java:205)
	at org.springframework.web.method.support.InvocableHandlerMethod.invokeForRequest(InvocableHandlerMethod.java:150)
	at org.springframework.web.servlet.mvc.method.annotation.ServletInvocableHandlerMethod.invokeAndHandle(ServletInvocableHandlerMethod.java:117)
	at org.springframework.web.servlet.mvc.method.annotation.RequestMappingHandlerAdapter.invokeHandlerMethod(RequestMappingHandlerAdapter.java:895)
	at org.springframework.web.servlet.mvc.method.annotation.RequestMappingHandlerAdapter.handleInternal(RequestMappingHandlerAdapter.java:808)
	at org.springframework.web.servlet.mvc.method.AbstractHandlerMethodAdapter.handle(AbstractHandlerMethodAdapter.java:87)
	at org.springframework.web.servlet.DispatcherServlet.doDispatch(DispatcherServlet.java:1071)
	at org.springframework.web.servlet.DispatcherServlet.doService(DispatcherServlet.java:964)
	at org.springframework.web.servlet.FrameworkServlet.processRequest(FrameworkServlet.java:1006)
	at org.springframework.web.servlet.FrameworkServlet.doGet(FrameworkServlet.java:898)
	at javax.servlet.http.HttpServlet.service(HttpServlet.java:670)
	at org.springframework.web.servlet.FrameworkServlet.service(FrameworkServlet.java:883)
	at javax.servlet.http.HttpServlet.service(HttpServlet.java:779)
	at org.apache.catalina.core.ApplicationFilterChain.internalDoFilter(ApplicationFilterChain.java:227)
	at org.apache.catalina.core.ApplicationFilterChain.doFilter(ApplicationFilterChain.java:162)
	at org.apache.tomcat.websocket.server.WsFilter.doFilter(WsFilter.java:53)
	at org.apache.catalina.core.ApplicationFilterChain.internalDoFilter(ApplicationFilterChain.java:189)
	at org.apache.catalina.core.ApplicationFilterChain.doFilter(ApplicationFilterChain.java:162)
	at org.springframework.web.filter.RequestContextFilter.doFilterInternal(RequestContextFilter.java:100)
	at org.springframework.web.filter.OncePerRequestFilter.doFilter(OncePerRequestFilter.java:117)
	at org.apache.catalina.core.ApplicationFilterChain.internalDoFilter(ApplicationFilterChain.java:189)
	at org.apache.catalina.core.ApplicationFilterChain.doFilter(ApplicationFilterChain.java:162)
	at org.springframework.web.filter.FormContentFilter.doFilterInternal(FormContentFilter.java:93)
	at org.springframework.web.filter.OncePerRequestFilter.doFilter(OncePerRequestFilter.java:117)
	at org.apache.catalina.core.ApplicationFilterChain.internalDoFilter(ApplicationFilterChain.java:189)
	at org.apache.catalina.core.ApplicationFilterChain.doFilter(ApplicationFilterChain.java:162)
	at org.springframework.web.filter.CharacterEncodingFilter.doFilterInternal(CharacterEncodingFilter.java:201)
	at org.springframework.web.filter.OncePerRequestFilter.doFilter(OncePerRequestFilter.java:117)
	at org.apache.catalina.core.ApplicationFilterChain.internalDoFilter(ApplicationFilterChain.java:189)
	at org.apache.catalina.core.ApplicationFilterChain.doFilter(ApplicationFilterChain.java:162)
	at org.apache.catalina.core.StandardWrapperValve.invoke(StandardWrapperValve.java:177)
	at org.apache.catalina.core.StandardContextValve.invoke(StandardContextValve.java:97)
	at org.apache.catalina.authenticator.AuthenticatorBase.invoke(AuthenticatorBase.java:541)
	at org.apache.catalina.core.StandardHostValve.invoke(StandardHostValve.java:135)
	at org.apache.catalina.valves.ErrorReportValve.invoke(ErrorReportValve.java:92)
	at org.apache.catalina.core.StandardEngineValve.invoke(StandardEngineValve.java:78)
	at org.apache.catalina.connector.CoyoteAdapter.service(CoyoteAdapter.java:360)
	at org.apache.coyote.http11.Http11Processor.service(Http11Processor.java:399)
	at org.apache.coyote.AbstractProcessorLight.process(AbstractProcessorLight.java:65)
	at org.apache.coyote.AbstractProtocol$ConnectionHandler.process(AbstractProtocol.java:891)
	at org.apache.tomcat.util.net.NioEndpoint$SocketProcessor.doRun(NioEndpoint.java:1784)
	at org.apache.tomcat.util.net.SocketProcessorBase.run(SocketProcessorBase.java:49)
	at org.apache.tomcat.util.threads.ThreadPoolExecutor.runWorker(ThreadPoolExecutor.java:1191)
	at org.apache.tomcat.util.threads.ThreadPoolExecutor$Worker.run(ThreadPoolExecutor.java:659)
	at org.apache.tomcat.util.threads.TaskThread$WrappingRunnable.run(TaskThread.java:61)
	at java.base/java.lang.Thread.run(Thread.java:833)
2023-02-11 09:57:46,595 INFO com.employee.attendance.controller.LeaveCalendarController [http-nio-8080-exec-10] Get all Details For Leave
2023-02-11 09:58:18,523 INFO com.employee.attendance.controller.UserController [http-nio-8080-exec-1] login User
2023-02-11 10:01:35,976 INFO com.employee.attendance.controller.UserController [http-nio-8080-exec-6] login User
2023-02-11 10:09:43,687 INFO com.employee.attendance.controller.AttendanceController [http-nio-8080-exec-2] Get all details for attendance
2023-02-11 10:10:17,247 INFO com.employee.attendance.controller.UserController [http-nio-8080-exec-3] login User
2023-02-11 10:10:17,382 INFO com.employee.attendance.controller.AttendanceController [http-nio-8080-exec-4] Get all details for attendance
2023-02-11 10:12:05,903 INFO com.employee.attendance.controller.AttendanceController [http-nio-8080-exec-6] Get all details for attendance
2023-02-11 10:12:06,458 INFO com.employee.attendance.controller.AttendanceController [http-nio-8080-exec-7] Get all details for attendance
2023-02-11 10:12:06,620 INFO com.employee.attendance.controller.AttendanceController [http-nio-8080-exec-8] Get all details for attendance
2023-02-11 10:12:06,774 INFO com.employee.attendance.controller.AttendanceController [http-nio-8080-exec-9] Get all details for attendance
2023-02-11 10:12:19,580 INFO com.employee.attendance.controller.UserController [http-nio-8080-exec-10] login User
2023-02-11 10:12:19,744 INFO com.employee.attendance.controller.AttendanceController [http-nio-8080-exec-1] Get all details for attendance
2023-02-11 10:13:06,096 INFO com.employee.attendance.controller.AttendanceController [http-nio-8080-exec-2] Get all details for attendance
2023-02-11 10:16:14,020 INFO com.employee.attendance.controller.UserController [http-nio-8080-exec-7] login User
2023-02-11 10:17:11,728 INFO com.employee.attendance.controller.AttendanceController [http-nio-8080-exec-9] Get all details for attendance
2023-02-11 10:17:11,824 INFO com.employee.attendance.controller.AttendanceController [http-nio-8080-exec-10] Get all details for attendance
2023-02-11 10:17:11,958 INFO com.employee.attendance.controller.AttendanceController [http-nio-8080-exec-1] Get all details for attendance
2023-02-11 10:17:12,084 INFO com.employee.attendance.controller.AttendanceController [http-nio-8080-exec-2] Get all details for attendance
2023-02-11 10:17:12,173 INFO com.employee.attendance.controller.AttendanceController [http-nio-8080-exec-3] Get all details for attendance
2023-02-11 10:17:12,284 INFO com.employee.attendance.controller.AttendanceController [http-nio-8080-exec-4] Get all details for attendance
2023-02-11 10:17:48,871 INFO com.employee.attendance.controller.AttendanceController [http-nio-8080-exec-5] Get all details for attendance
2023-02-11 10:17:49,085 INFO com.employee.attendance.controller.AttendanceController [http-nio-8080-exec-6] Get all details for attendance
2023-02-11 10:19:44,323 INFO com.employee.attendance.controller.AttendanceController [http-nio-8080-exec-8] Get all details for attendance
2023-02-11 10:19:44,781 INFO com.employee.attendance.controller.AttendanceController [http-nio-8080-exec-9] Get all details for attendance
2023-02-11 10:20:05,753 INFO com.employee.attendance.controller.UserController [http-nio-8080-exec-10] login User
2023-02-11 10:20:05,773 WARN org.springframework.web.servlet.handler.AbstractHandlerExceptionResolver [http-nio-8080-exec-10] Resolved [com.employee.attendance.exception.UserIdNotFoundException: User not exist]
2023-02-11 10:20:21,445 INFO com.employee.attendance.controller.UserController [http-nio-8080-exec-1] login User
2023-02-11 10:20:21,596 INFO com.employee.attendance.controller.AttendanceController [http-nio-8080-exec-2] Get all details for attendance
2023-02-11 10:40:24,167 INFO com.employee.attendance.controller.UserController [http-nio-8080-exec-5] login User
2023-02-11 10:41:28,208 INFO com.employee.attendance.controller.UserController [http-nio-8080-exec-9] login User
2023-02-11 10:42:41,762 INFO com.employee.attendance.controller.UserController [http-nio-8080-exec-2] login User
2023-02-11 10:42:55,895 INFO com.employee.attendance.controller.UserController [http-nio-8080-exec-4] login User
2023-02-11 10:46:59,430 INFO com.employee.attendance.controller.UserController [http-nio-8080-exec-6] login User
2023-02-11 10:49:53,546 INFO com.employee.attendance.controller.UserController [http-nio-8080-exec-7] login User
2023-02-11 10:50:06,979 INFO com.employee.attendance.controller.UserController [http-nio-8080-exec-9] login User
2023-02-11 10:54:46,380 INFO com.employee.attendance.controller.UserController [http-nio-8080-exec-2] login User
2023-02-11 10:57:02,628 INFO com.employee.attendance.controller.UserController [http-nio-8080-exec-1] login User
2023-02-11 10:57:20,481 INFO com.employee.attendance.controller.UserController [http-nio-8080-exec-3] login User
2023-02-11 11:05:10,248 INFO com.employee.attendance.controller.UserController [http-nio-8080-exec-2] login User
2023-02-11 11:07:13,193 INFO com.employee.attendance.controller.UserController [http-nio-8080-exec-5] login User
2023-02-11 11:07:15,290 INFO com.employee.attendance.controller.LeaveCalendarController [http-nio-8080-exec-7] Get all Details For Leave
2023-02-11 11:09:58,007 INFO com.employee.attendance.controller.UserController [http-nio-8080-exec-4] login User
2023-02-11 11:10:55,494 INFO com.employee.attendance.controller.UserController [http-nio-8080-exec-6] login User
2023-02-11 11:11:06,837 INFO com.employee.attendance.controller.UserController [http-nio-8080-exec-8] login User
2023-02-11 11:11:27,534 INFO com.employee.attendance.controller.AttendanceController [http-nio-8080-exec-10] Get all details for attendance
2023-02-11 11:13:18,860 INFO com.employee.attendance.controller.UserController [http-nio-8080-exec-2] login User
2023-02-11 11:13:19,090 INFO com.employee.attendance.controller.AttendanceController [http-nio-8080-exec-3] Get all details for attendance
2023-02-11 11:30:39,618 INFO org.springframework.boot.StartupInfoLogger [restartedMain] Starting EmployeeAttendanceApplication using Java 17.0.5 on DESKTOP-85G7RT7 with PID 2624 (C:\Users\admin\Documents\workspace-spring-tool-suite-4-4.17.0.RELEASE\Spring_Boot_Vijay\EmployeeAttendance\target\classes started by admin in C:\Users\admin\Documents\workspace-spring-tool-suite-4-4.17.0.RELEASE\Spring_Boot_Vijay\EmployeeAttendance)
2023-02-11 11:30:39,622 INFO org.springframework.boot.SpringApplication [restartedMain] No active profile set, falling back to 1 default profile: "default"
2023-02-11 11:30:39,712 INFO org.hibernate.validator.internal.util.Version [background-preinit] HV000001: Hibernate Validator 6.2.5.Final
2023-02-11 11:30:39,854 INFO org.springframework.boot.logging.DeferredLog [restartedMain] Devtools property defaults active! Set 'spring.devtools.add-properties' to 'false' to disable
2023-02-11 11:30:39,855 INFO org.springframework.boot.logging.DeferredLog [restartedMain] For additional web related logging consider setting the 'logging.level.web' property to 'DEBUG'
2023-02-11 11:30:42,438 INFO org.springframework.data.repository.config.RepositoryConfigurationDelegate [restartedMain] Bootstrapping Spring Data JPA repositories in DEFAULT mode.
2023-02-11 11:30:42,622 INFO org.springframework.data.repository.config.RepositoryConfigurationDelegate [restartedMain] Finished Spring Data repository scanning in 166 ms. Found 6 JPA repository interfaces.
2023-02-11 11:30:44,693 INFO org.springframework.boot.web.embedded.tomcat.TomcatWebServer [restartedMain] Tomcat initialized with port(s): 8080 (http)
2023-02-11 11:30:44,716 INFO org.apache.juli.logging.DirectJDKLog [restartedMain] Initializing ProtocolHandler ["http-nio-8080"]
2023-02-11 11:30:44,717 INFO org.apache.juli.logging.DirectJDKLog [restartedMain] Starting service [Tomcat]
2023-02-11 11:30:44,717 INFO org.apache.juli.logging.DirectJDKLog [restartedMain] Starting Servlet engine: [Apache Tomcat/9.0.70]
2023-02-11 11:30:45,083 INFO org.apache.juli.logging.DirectJDKLog [restartedMain] Initializing Spring embedded WebApplicationContext
2023-02-11 11:30:45,084 INFO org.springframework.boot.web.servlet.context.ServletWebServerApplicationContext [restartedMain] Root WebApplicationContext: initialization completed in 5228 ms
2023-02-11 11:30:45,565 INFO org.hibernate.jpa.internal.util.LogHelper [restartedMain] HHH000204: Processing PersistenceUnitInfo [name: default]
2023-02-11 11:30:45,724 INFO org.hibernate.Version [restartedMain] HHH000412: Hibernate ORM core version 5.6.14.Final
2023-02-11 11:30:46,140 INFO org.hibernate.annotations.common.reflection.java.JavaReflectionManager [restartedMain] HCANN000001: Hibernate Commons Annotations {5.1.2.Final}
2023-02-11 11:30:46,858 INFO com.zaxxer.hikari.HikariDataSource [restartedMain] HikariPool-1 - Starting...
2023-02-11 11:30:46,869 WARN com.zaxxer.hikari.util.DriverDataSource [restartedMain] Registered driver with driverClassName=com.mysql.jdbc.Driver was not found, trying direct instantiation.
2023-02-11 11:30:47,519 INFO com.zaxxer.hikari.HikariDataSource [restartedMain] HikariPool-1 - Start completed.
2023-02-11 11:30:47,590 INFO org.hibernate.dialect.Dialect [restartedMain] HHH000400: Using dialect: org.hibernate.dialect.MySQL8Dialect
2023-02-11 11:30:55,554 INFO org.hibernate.validator.internal.util.Version [background-preinit] HV000001: Hibernate Validator 6.2.5.Final
2023-02-11 11:30:55,556 INFO org.springframework.boot.StartupInfoLogger [restartedMain] Starting EmployeeAttendanceApplication using Java 17.0.5 on DESKTOP-85G7RT7 with PID 11316 (C:\Users\admin\Documents\workspace-spring-tool-suite-4-4.17.0.RELEASE\Spring_Boot_Vijay\EmployeeAttendance\target\classes started by admin in C:\Users\admin\Documents\workspace-spring-tool-suite-4-4.17.0.RELEASE\Spring_Boot_Vijay\EmployeeAttendance)
2023-02-11 11:30:55,557 INFO org.springframework.boot.SpringApplication [restartedMain] No active profile set, falling back to 1 default profile: "default"
2023-02-11 11:30:55,642 INFO org.springframework.boot.logging.DeferredLog [restartedMain] Devtools property defaults active! Set 'spring.devtools.add-properties' to 'false' to disable
2023-02-11 11:30:55,642 INFO org.springframework.boot.logging.DeferredLog [restartedMain] For additional web related logging consider setting the 'logging.level.web' property to 'DEBUG'
2023-02-11 11:30:56,599 INFO org.springframework.data.repository.config.RepositoryConfigurationDelegate [restartedMain] Bootstrapping Spring Data JPA repositories in DEFAULT mode.
2023-02-11 11:30:56,703 INFO org.springframework.data.repository.config.RepositoryConfigurationDelegate [restartedMain] Finished Spring Data repository scanning in 86 ms. Found 6 JPA repository interfaces.
2023-02-11 11:30:57,405 INFO org.springframework.boot.web.embedded.tomcat.TomcatWebServer [restartedMain] Tomcat initialized with port(s): 8080 (http)
2023-02-11 11:30:57,421 INFO org.apache.juli.logging.DirectJDKLog [restartedMain] Initializing ProtocolHandler ["http-nio-8080"]
2023-02-11 11:30:57,422 INFO org.apache.juli.logging.DirectJDKLog [restartedMain] Starting service [Tomcat]
2023-02-11 11:30:57,422 INFO org.apache.juli.logging.DirectJDKLog [restartedMain] Starting Servlet engine: [Apache Tomcat/9.0.70]
2023-02-11 11:30:57,567 INFO org.apache.juli.logging.DirectJDKLog [restartedMain] Initializing Spring embedded WebApplicationContext
2023-02-11 11:30:57,568 INFO org.springframework.boot.web.servlet.context.ServletWebServerApplicationContext [restartedMain] Root WebApplicationContext: initialization completed in 1925 ms
2023-02-11 11:30:57,767 INFO org.hibernate.jpa.internal.util.LogHelper [restartedMain] HHH000204: Processing PersistenceUnitInfo [name: default]
2023-02-11 11:30:57,832 INFO org.hibernate.Version [restartedMain] HHH000412: Hibernate ORM core version 5.6.14.Final
2023-02-11 11:30:58,033 INFO org.hibernate.annotations.common.reflection.java.JavaReflectionManager [restartedMain] HCANN000001: Hibernate Commons Annotations {5.1.2.Final}
2023-02-11 11:30:58,185 INFO com.zaxxer.hikari.HikariDataSource [restartedMain] HikariPool-1 - Starting...
2023-02-11 11:30:58,194 WARN com.zaxxer.hikari.util.DriverDataSource [restartedMain] Registered driver with driverClassName=com.mysql.jdbc.Driver was not found, trying direct instantiation.
2023-02-11 11:30:58,652 INFO com.zaxxer.hikari.HikariDataSource [restartedMain] HikariPool-1 - Start completed.
2023-02-11 11:30:58,703 INFO org.hibernate.dialect.Dialect [restartedMain] HHH000400: Using dialect: org.hibernate.dialect.MySQL8Dialect
2023-02-11 11:30:59,794 INFO org.hibernate.engine.transaction.jta.platform.internal.JtaPlatformInitiator [restartedMain] HHH000490: Using JtaPlatform implementation: [org.hibernate.engine.transaction.jta.platform.internal.NoJtaPlatform]
2023-02-11 11:30:59,811 INFO org.springframework.orm.jpa.AbstractEntityManagerFactoryBean [restartedMain] Initialized JPA EntityManagerFactory for persistence unit 'default'
2023-02-11 11:31:00,522 WARN org.springframework.boot.autoconfigure.orm.jpa.JpaBaseConfiguration$JpaWebConfiguration [restartedMain] spring.jpa.open-in-view is enabled by default. Therefore, database queries may be performed during view rendering. Explicitly configure spring.jpa.open-in-view to disable this warning
2023-02-11 11:31:00,716 INFO org.springframework.boot.autoconfigure.web.servlet.WelcomePageHandlerMapping [restartedMain] Adding welcome page: class path resource [static/index.html]
2023-02-11 11:31:01,513 INFO org.springframework.boot.devtools.autoconfigure.OptionalLiveReloadServer [restartedMain] LiveReload server is running on port 35729
2023-02-11 11:31:01,544 INFO org.apache.juli.logging.DirectJDKLog [restartedMain] Starting ProtocolHandler ["http-nio-8080"]
2023-02-11 11:31:01,579 INFO org.springframework.boot.web.embedded.tomcat.TomcatWebServer [restartedMain] Tomcat started on port(s): 8080 (http) with context path ''
2023-02-11 11:31:01,599 INFO org.springframework.boot.StartupInfoLogger [restartedMain] Started EmployeeAttendanceApplication in 6.649 seconds (JVM running for 7.866)
2023-02-11 11:31:08,610 INFO org.apache.juli.logging.DirectJDKLog [http-nio-8080-exec-1] Initializing Spring DispatcherServlet 'dispatcherServlet'
2023-02-11 11:31:08,611 INFO org.springframework.web.servlet.FrameworkServlet [http-nio-8080-exec-1] Initializing Servlet 'dispatcherServlet'
2023-02-11 11:31:08,613 INFO org.springframework.web.servlet.FrameworkServlet [http-nio-8080-exec-1] Completed initialization in 1 ms
2023-02-11 11:31:08,760 INFO com.employee.attendance.controller.UserController [http-nio-8080-exec-1] login User
2023-02-11 11:31:09,316 INFO com.employee.attendance.controller.AttendanceController [http-nio-8080-exec-2] Get all details for attendance
2023-02-11 11:33:19,481 INFO com.employee.attendance.controller.AttendanceController [http-nio-8080-exec-4] Get all details for attendance
2023-02-11 11:33:32,840 INFO com.employee.attendance.controller.UserController [http-nio-8080-exec-5] login User
2023-02-11 11:33:32,928 INFO com.employee.attendance.controller.AttendanceController [http-nio-8080-exec-6] Get all details for attendance
2023-02-11 14:10:06,807 WARN com.zaxxer.hikari.pool.HikariPool$HouseKeeper [HikariPool-1 housekeeper] HikariPool-1 - Thread starvation or clock leap detected (housekeeper delta=2h28m37s875ms964s).
2023-02-11 14:29:09,756 INFO org.springdoc.api.AbstractOpenApiResource [http-nio-8080-exec-4] Init duration for springdoc-openapi is: 650 ms
2023-02-11 14:31:10,686 INFO com.employee.attendance.controller.UserController [http-nio-8080-exec-8] login User
2023-02-11 14:33:06,446 INFO com.employee.attendance.controller.AttendanceController [http-nio-8080-exec-1] Get all details for attendance
2023-02-11 14:33:23,393 INFO com.employee.attendance.controller.UserController [http-nio-8080-exec-10] login User
2023-02-11 14:33:23,556 INFO com.employee.attendance.controller.AttendanceController [http-nio-8080-exec-2] Get all details for attendance
2023-02-11 14:37:44,824 INFO com.employee.attendance.controller.UserController [http-nio-8080-exec-6] login User
2023-02-11 14:39:05,674 INFO com.employee.attendance.controller.AttendanceController [http-nio-8080-exec-2] Get all details for attendance
2023-02-11 14:39:33,665 INFO com.employee.attendance.controller.AttendanceController [http-nio-8080-exec-4] Get all details for attendance
2023-02-11 14:39:53,899 INFO com.employee.attendance.controller.AttendanceController [http-nio-8080-exec-5] Get all details for attendance
2023-02-11 14:39:54,212 INFO com.employee.attendance.controller.AttendanceController [http-nio-8080-exec-6] Get all details for attendance
2023-02-11 14:39:54,403 INFO com.employee.attendance.controller.AttendanceController [http-nio-8080-exec-7] Get all details for attendance
2023-02-11 14:39:54,574 INFO com.employee.attendance.controller.AttendanceController [http-nio-8080-exec-8] Get all details for attendance
2023-02-11 14:39:54,695 INFO com.employee.attendance.controller.AttendanceController [http-nio-8080-exec-9] Get all details for attendance
2023-02-11 14:39:55,308 INFO com.employee.attendance.controller.AttendanceController [http-nio-8080-exec-1] Get all details for attendance
2023-02-11 14:40:15,241 INFO com.employee.attendance.controller.AttendanceController [http-nio-8080-exec-10] Get all details for attendance
2023-02-11 14:40:23,822 INFO com.employee.attendance.controller.AttendanceController [http-nio-8080-exec-2] Get all details for attendance
2023-02-11 14:40:24,327 INFO com.employee.attendance.controller.AttendanceController [http-nio-8080-exec-3] Get all details for attendance
2023-02-11 14:41:04,467 INFO com.employee.attendance.controller.UserController [http-nio-8080-exec-4] login User
2023-02-11 14:41:04,630 INFO com.employee.attendance.controller.AttendanceController [http-nio-8080-exec-5] Get all details for attendance
2023-02-11 14:41:35,593 INFO com.employee.attendance.controller.AttendanceController [http-nio-8080-exec-7] Get all details for attendance
2023-02-11 14:41:35,814 INFO com.employee.attendance.controller.AttendanceController [http-nio-8080-exec-8] Get all details for attendance
2023-02-11 14:43:03,505 INFO com.employee.attendance.controller.AttendanceController [http-nio-8080-exec-9] Get all details for attendance
2023-02-11 14:44:38,976 INFO com.employee.attendance.controller.AttendanceController [http-nio-8080-exec-10] Get all details for attendance
2023-02-11 14:44:39,601 INFO com.employee.attendance.controller.AttendanceController [http-nio-8080-exec-2] Get all details for attendance
2023-02-11 14:44:39,708 INFO com.employee.attendance.controller.AttendanceController [http-nio-8080-exec-3] Get all details for attendance
2023-02-11 14:45:25,419 INFO com.employee.attendance.controller.AttendanceController [http-nio-8080-exec-4] Get all details for attendance
2023-02-11 14:45:37,978 INFO com.employee.attendance.controller.UserController [http-nio-8080-exec-5] login User
2023-02-11 14:45:38,144 INFO com.employee.attendance.controller.AttendanceController [http-nio-8080-exec-6] Get all details for attendance
2023-02-11 14:45:53,141 INFO com.employee.attendance.controller.UserController [http-nio-8080-exec-7] login User
2023-02-11 14:45:53,316 INFO com.employee.attendance.controller.AttendanceController [http-nio-8080-exec-8] Get all details for attendance
2023-02-11 14:46:21,728 INFO com.employee.attendance.controller.AttendanceController [http-nio-8080-exec-1] save new attendance = Date=2023-02-09,StartTime= 08:46,EndTime= 19:46  
2023-02-11 14:46:21,906 INFO com.employee.attendance.controller.AttendanceController [http-nio-8080-exec-10] Get all details for attendance
2023-02-11 14:56:50,219 INFO org.hibernate.validator.internal.util.Version [background-preinit] HV000001: Hibernate Validator 6.2.5.Final
2023-02-11 14:56:50,228 INFO org.springframework.boot.StartupInfoLogger [restartedMain] Starting EmployeeAttendanceApplication using Java 17.0.5 on DESKTOP-85G7RT7 with PID 4724 (C:\Users\admin\Documents\workspace-spring-tool-suite-4-4.17.0.RELEASE\Spring_Boot_Vijay\EmployeeAttendance\target\classes started by admin in C:\Users\admin\Documents\workspace-spring-tool-suite-4-4.17.0.RELEASE\Spring_Boot_Vijay\EmployeeAttendance)
2023-02-11 14:56:50,230 INFO org.springframework.boot.SpringApplication [restartedMain] No active profile set, falling back to 1 default profile: "default"
2023-02-11 14:56:50,326 INFO org.springframework.boot.logging.DeferredLog [restartedMain] Devtools property defaults active! Set 'spring.devtools.add-properties' to 'false' to disable
2023-02-11 14:56:50,327 INFO org.springframework.boot.logging.DeferredLog [restartedMain] For additional web related logging consider setting the 'logging.level.web' property to 'DEBUG'
2023-02-11 14:56:51,394 INFO org.springframework.data.repository.config.RepositoryConfigurationDelegate [restartedMain] Bootstrapping Spring Data JPA repositories in DEFAULT mode.
2023-02-11 14:56:51,499 INFO org.springframework.data.repository.config.RepositoryConfigurationDelegate [restartedMain] Finished Spring Data repository scanning in 90 ms. Found 6 JPA repository interfaces.
2023-02-11 14:56:52,348 INFO org.springframework.boot.web.embedded.tomcat.TomcatWebServer [restartedMain] Tomcat initialized with port(s): 8080 (http)
2023-02-11 14:56:52,364 INFO org.apache.juli.logging.DirectJDKLog [restartedMain] Initializing ProtocolHandler ["http-nio-8080"]
2023-02-11 14:56:52,365 INFO org.apache.juli.logging.DirectJDKLog [restartedMain] Starting service [Tomcat]
2023-02-11 14:56:52,365 INFO org.apache.juli.logging.DirectJDKLog [restartedMain] Starting Servlet engine: [Apache Tomcat/9.0.70]
2023-02-11 14:56:52,494 INFO org.apache.juli.logging.DirectJDKLog [restartedMain] Initializing Spring embedded WebApplicationContext
2023-02-11 14:56:52,495 INFO org.springframework.boot.web.servlet.context.ServletWebServerApplicationContext [restartedMain] Root WebApplicationContext: initialization completed in 2167 ms
2023-02-11 14:56:52,719 INFO org.hibernate.jpa.internal.util.LogHelper [restartedMain] HHH000204: Processing PersistenceUnitInfo [name: default]
2023-02-11 14:56:52,820 INFO org.hibernate.Version [restartedMain] HHH000412: Hibernate ORM core version 5.6.14.Final
2023-02-11 14:56:53,035 INFO org.hibernate.annotations.common.reflection.java.JavaReflectionManager [restartedMain] HCANN000001: Hibernate Commons Annotations {5.1.2.Final}
2023-02-11 14:56:53,198 INFO com.zaxxer.hikari.HikariDataSource [restartedMain] HikariPool-1 - Starting...
2023-02-11 14:56:53,209 WARN com.zaxxer.hikari.util.DriverDataSource [restartedMain] Registered driver with driverClassName=com.mysql.jdbc.Driver was not found, trying direct instantiation.
2023-02-11 14:56:53,637 INFO com.zaxxer.hikari.HikariDataSource [restartedMain] HikariPool-1 - Start completed.
2023-02-11 14:56:53,689 INFO org.hibernate.dialect.Dialect [restartedMain] HHH000400: Using dialect: org.hibernate.dialect.MySQL8Dialect
2023-02-11 14:56:54,850 INFO org.hibernate.engine.transaction.jta.platform.internal.JtaPlatformInitiator [restartedMain] HHH000490: Using JtaPlatform implementation: [org.hibernate.engine.transaction.jta.platform.internal.NoJtaPlatform]
2023-02-11 14:56:54,868 INFO org.springframework.orm.jpa.AbstractEntityManagerFactoryBean [restartedMain] Initialized JPA EntityManagerFactory for persistence unit 'default'
2023-02-11 14:56:55,632 WARN org.springframework.boot.autoconfigure.orm.jpa.JpaBaseConfiguration$JpaWebConfiguration [restartedMain] spring.jpa.open-in-view is enabled by default. Therefore, database queries may be performed during view rendering. Explicitly configure spring.jpa.open-in-view to disable this warning
2023-02-11 14:56:55,841 INFO org.springframework.boot.autoconfigure.web.servlet.WelcomePageHandlerMapping [restartedMain] Adding welcome page: class path resource [static/index.html]
2023-02-11 14:56:57,030 INFO org.springframework.boot.devtools.autoconfigure.OptionalLiveReloadServer [restartedMain] LiveReload server is running on port 35729
2023-02-11 14:56:57,115 INFO org.apache.juli.logging.DirectJDKLog [restartedMain] Starting ProtocolHandler ["http-nio-8080"]
2023-02-11 14:56:57,200 INFO org.springframework.boot.web.embedded.tomcat.TomcatWebServer [restartedMain] Tomcat started on port(s): 8080 (http) with context path ''
2023-02-11 14:56:57,226 INFO org.springframework.boot.StartupInfoLogger [restartedMain] Started EmployeeAttendanceApplication in 7.83 seconds (JVM running for 9.459)
2023-02-11 14:58:21,195 INFO org.apache.juli.logging.DirectJDKLog [http-nio-8080-exec-1] Initializing Spring DispatcherServlet 'dispatcherServlet'
2023-02-11 14:58:21,196 INFO org.springframework.web.servlet.FrameworkServlet [http-nio-8080-exec-1] Initializing Servlet 'dispatcherServlet'
2023-02-11 14:58:21,199 INFO org.springframework.web.servlet.FrameworkServlet [http-nio-8080-exec-1] Completed initialization in 2 ms
2023-02-11 14:58:21,263 INFO com.employee.attendance.controller.AttendanceController [http-nio-8080-exec-1] Get all details for attendance
2023-02-11 15:10:30,206 INFO com.employee.attendance.controller.AttendanceController [http-nio-8080-exec-3] Get all details for attendance
2023-02-11 15:11:05,038 INFO org.springdoc.api.AbstractOpenApiResource [http-nio-8080-exec-9] Init duration for springdoc-openapi is: 1196 ms
2023-02-11 15:12:01,875 WARN org.springframework.web.servlet.mvc.method.annotation.ExceptionHandlerExceptionResolver [http-nio-8080-exec-1] Failure in @ExceptionHandler com.employee.attendance.exception.GlobalExceptionError#handleBindingErrors(MethodArgumentNotValidException, WebRequest)
java.lang.IllegalStateException: Could not resolve parameter [0] in public org.springframework.http.ResponseEntity<com.employee.attendance.exception.ExceptionResponse> com.employee.attendance.exception.GlobalExceptionError.handleBindingErrors(org.springframework.web.bind.MethodArgumentNotValidException,org.springframework.web.context.request.WebRequest): No suitable resolver
	at org.springframework.web.method.support.InvocableHandlerMethod.getMethodArgumentValues(InvocableHandlerMethod.java:176)
	at org.springframework.web.method.support.InvocableHandlerMethod.invokeForRequest(InvocableHandlerMethod.java:146)
	at org.springframework.web.servlet.mvc.method.annotation.ServletInvocableHandlerMethod.invokeAndHandle(ServletInvocableHandlerMethod.java:117)
	at org.springframework.web.servlet.mvc.method.annotation.ExceptionHandlerExceptionResolver.doResolveHandlerMethodException(ExceptionHandlerExceptionResolver.java:428)
	at org.springframework.web.servlet.handler.AbstractHandlerMethodExceptionResolver.doResolveException(AbstractHandlerMethodExceptionResolver.java:75)
	at org.springframework.web.servlet.handler.AbstractHandlerExceptionResolver.resolveException(AbstractHandlerExceptionResolver.java:142)
	at org.springframework.web.servlet.handler.HandlerExceptionResolverComposite.resolveException(HandlerExceptionResolverComposite.java:80)
	at org.springframework.web.servlet.DispatcherServlet.processHandlerException(DispatcherServlet.java:1331)
	at org.springframework.web.servlet.DispatcherServlet.processDispatchResult(DispatcherServlet.java:1142)
	at org.springframework.web.servlet.DispatcherServlet.doDispatch(DispatcherServlet.java:1088)
	at org.springframework.web.servlet.DispatcherServlet.doService(DispatcherServlet.java:964)
	at org.springframework.web.servlet.FrameworkServlet.processRequest(FrameworkServlet.java:1006)
	at org.springframework.web.servlet.FrameworkServlet.doPut(FrameworkServlet.java:920)
	at javax.servlet.http.HttpServlet.service(HttpServlet.java:699)
	at org.springframework.web.servlet.FrameworkServlet.service(FrameworkServlet.java:883)
	at javax.servlet.http.HttpServlet.service(HttpServlet.java:779)
	at org.apache.catalina.core.ApplicationFilterChain.internalDoFilter(ApplicationFilterChain.java:227)
	at org.apache.catalina.core.ApplicationFilterChain.doFilter(ApplicationFilterChain.java:162)
	at org.apache.tomcat.websocket.server.WsFilter.doFilter(WsFilter.java:53)
	at org.apache.catalina.core.ApplicationFilterChain.internalDoFilter(ApplicationFilterChain.java:189)
	at org.apache.catalina.core.ApplicationFilterChain.doFilter(ApplicationFilterChain.java:162)
	at org.springframework.web.filter.RequestContextFilter.doFilterInternal(RequestContextFilter.java:100)
	at org.springframework.web.filter.OncePerRequestFilter.doFilter(OncePerRequestFilter.java:117)
	at org.apache.catalina.core.ApplicationFilterChain.internalDoFilter(ApplicationFilterChain.java:189)
	at org.apache.catalina.core.ApplicationFilterChain.doFilter(ApplicationFilterChain.java:162)
	at org.springframework.web.filter.FormContentFilter.doFilterInternal(FormContentFilter.java:93)
	at org.springframework.web.filter.OncePerRequestFilter.doFilter(OncePerRequestFilter.java:117)
	at org.apache.catalina.core.ApplicationFilterChain.internalDoFilter(ApplicationFilterChain.java:189)
	at org.apache.catalina.core.ApplicationFilterChain.doFilter(ApplicationFilterChain.java:162)
	at org.springframework.web.filter.CharacterEncodingFilter.doFilterInternal(CharacterEncodingFilter.java:201)
	at org.springframework.web.filter.OncePerRequestFilter.doFilter(OncePerRequestFilter.java:117)
	at org.apache.catalina.core.ApplicationFilterChain.internalDoFilter(ApplicationFilterChain.java:189)
	at org.apache.catalina.core.ApplicationFilterChain.doFilter(ApplicationFilterChain.java:162)
	at org.apache.catalina.core.StandardWrapperValve.invoke(StandardWrapperValve.java:177)
	at org.apache.catalina.core.StandardContextValve.invoke(StandardContextValve.java:97)
	at org.apache.catalina.authenticator.AuthenticatorBase.invoke(AuthenticatorBase.java:541)
	at org.apache.catalina.core.StandardHostValve.invoke(StandardHostValve.java:135)
	at org.apache.catalina.valves.ErrorReportValve.invoke(ErrorReportValve.java:92)
	at org.apache.catalina.core.StandardEngineValve.invoke(StandardEngineValve.java:78)
	at org.apache.catalina.connector.CoyoteAdapter.service(CoyoteAdapter.java:360)
	at org.apache.coyote.http11.Http11Processor.service(Http11Processor.java:399)
	at org.apache.coyote.AbstractProcessorLight.process(AbstractProcessorLight.java:65)
	at org.apache.coyote.AbstractProtocol$ConnectionHandler.process(AbstractProtocol.java:891)
	at org.apache.tomcat.util.net.NioEndpoint$SocketProcessor.doRun(NioEndpoint.java:1784)
	at org.apache.tomcat.util.net.SocketProcessorBase.run(SocketProcessorBase.java:49)
	at org.apache.tomcat.util.threads.ThreadPoolExecutor.runWorker(ThreadPoolExecutor.java:1191)
	at org.apache.tomcat.util.threads.ThreadPoolExecutor$Worker.run(ThreadPoolExecutor.java:659)
	at org.apache.tomcat.util.threads.TaskThread$WrappingRunnable.run(TaskThread.java:61)
	at java.base/java.lang.Thread.run(Thread.java:833)
2023-02-11 15:12:01,878 WARN org.springframework.web.servlet.handler.AbstractHandlerExceptionResolver [http-nio-8080-exec-1] Resolved [org.springframework.http.converter.HttpMessageNotReadableException: JSON parse error: Cannot deserialize value of type `java.time.LocalTime` from Object value (token `JsonToken.START_OBJECT`); nested exception is com.fasterxml.jackson.databind.exc.MismatchedInputException: Cannot deserialize value of type `java.time.LocalTime` from Object value (token `JsonToken.START_OBJECT`)<EOL> at [Source: (org.springframework.util.StreamUtils$NonClosingInputStream); line: 3, column: 16] (through reference chain: com.employee.attendance.model.AttendanceRequest["startTime"])]
2023-02-11 15:13:12,566 INFO com.employee.attendance.controller.AttendanceController [http-nio-8080-exec-4] Get all details for attendance
2023-02-11 15:15:44,423 INFO com.employee.attendance.controller.AttendanceController [http-nio-8080-exec-7] Get Id details for attendance
2023-02-11 15:16:45,705 INFO com.employee.attendance.controller.AttendanceController [http-nio-8080-exec-8] Get all details for attendance
2023-02-11 15:18:28,032 INFO com.employee.attendance.controller.AttendanceController [http-nio-8080-exec-10] Get all details for attendance
2023-02-11 15:18:28,295 INFO com.employee.attendance.controller.AttendanceController [http-nio-8080-exec-1] Get all details for attendance
2023-02-11 15:18:28,540 INFO com.employee.attendance.controller.AttendanceController [http-nio-8080-exec-2] Get all details for attendance
2023-02-11 15:18:28,712 INFO com.employee.attendance.controller.AttendanceController [http-nio-8080-exec-3] Get all details for attendance
2023-02-11 15:23:12,512 INFO com.employee.attendance.controller.AttendanceController [http-nio-8080-exec-5] Get all details for attendance
2023-02-11 15:23:12,818 INFO com.employee.attendance.controller.AttendanceController [http-nio-8080-exec-7] Get all details for attendance
2023-02-11 15:23:13,071 INFO com.employee.attendance.controller.AttendanceController [http-nio-8080-exec-6] Get all details for attendance
2023-02-11 15:23:13,323 INFO com.employee.attendance.controller.AttendanceController [http-nio-8080-exec-8] Get all details for attendance
2023-02-11 15:23:13,541 INFO com.employee.attendance.controller.AttendanceController [http-nio-8080-exec-9] Get all details for attendance
2023-02-11 15:25:44,034 INFO com.employee.attendance.controller.AttendanceController [http-nio-8080-exec-1] Get all details for attendance
2023-02-11 15:25:44,533 INFO com.employee.attendance.controller.AttendanceController [http-nio-8080-exec-2] Get all details for attendance
2023-02-11 15:31:41,400 INFO com.employee.attendance.controller.AttendanceController [http-nio-8080-exec-4] Get all details for attendance
2023-02-11 15:31:41,710 INFO com.employee.attendance.controller.AttendanceController [http-nio-8080-exec-5] Get all details for attendance
2023-02-11 15:31:41,860 INFO com.employee.attendance.controller.AttendanceController [http-nio-8080-exec-7] Get all details for attendance
2023-02-11 15:31:42,162 INFO com.employee.attendance.controller.AttendanceController [http-nio-8080-exec-6] Get all details for attendance
2023-02-11 15:33:22,906 INFO com.employee.attendance.controller.AttendanceController [http-nio-8080-exec-9] Get all details for attendance
2023-02-11 15:33:23,090 INFO com.employee.attendance.controller.AttendanceController [http-nio-8080-exec-10] Get all details for attendance
2023-02-11 15:33:23,287 INFO com.employee.attendance.controller.AttendanceController [http-nio-8080-exec-1] Get all details for attendance
2023-02-11 15:33:23,463 INFO com.employee.attendance.controller.AttendanceController [http-nio-8080-exec-2] Get all details for attendance
2023-02-11 15:33:23,588 INFO com.employee.attendance.controller.AttendanceController [http-nio-8080-exec-3] Get all details for attendance
2023-02-11 15:33:23,774 INFO com.employee.attendance.controller.AttendanceController [http-nio-8080-exec-4] Get all details for attendance
2023-02-11 15:33:23,932 INFO com.employee.attendance.controller.AttendanceController [http-nio-8080-exec-5] Get all details for attendance
2023-02-11 15:35:46,404 INFO com.employee.attendance.controller.AttendanceController [http-nio-8080-exec-6] Get all details for attendance
2023-02-11 16:01:24,951 INFO com.employee.attendance.controller.AttendanceController [http-nio-8080-exec-9] Get all details for attendance
